<?xml version="1.0" encoding="UTF-8"?>
<coverage generated="1689951240605" clover="3.2.0">
  <project timestamp="1689951240606" name="All files">
    <metrics statements="11" coveredstatements="9" conditionals="2" coveredconditionals="2" methods="7" coveredmethods="5" elements="20" coveredelements="16" complexity="0" loc="11" ncloc="11" packages="1" files="4" classes="4"/>
    <file name="calculator.js" path="C:\Users\HP\Documents\GitHub\Testing-with-Jest\calculator.js">
      <metrics statements="7" coveredstatements="7" conditionals="2" coveredconditionals="2" methods="4" coveredmethods="4"/>
      <line num="3" count="3" type="stmt"/>
      <line num="7" count="3" type="stmt"/>
      <line num="11" count="3" type="cond" truecount="2" falsecount="0"/>
      <line num="12" count="1" type="stmt"/>
      <line num="14" count="2" type="stmt"/>
      <line num="18" count="3" type="stmt"/>
      <line num="22" count="1" type="stmt"/>
    </file>
    <file name="capitalize.js" path="C:\Users\HP\Documents\GitHub\Testing-with-Jest\capitalize.js">
      <metrics statements="2" coveredstatements="2" conditionals="0" coveredconditionals="0" methods="1" coveredmethods="1"/>
      <line num="2" count="1" type="stmt"/>
      <line num="5" count="1" type="stmt"/>
    </file>
    <file name="reverseString.js" path="C:\Users\HP\Documents\GitHub\Testing-with-Jest\reverseString.js">
      <metrics statements="1" coveredstatements="0" conditionals="0" coveredconditionals="0" methods="1" coveredmethods="0"/>
      <line num="2" count="0" type="stmt"/>
    </file>
    <file name="stringLength.js" path="C:\Users\HP\Documents\GitHub\Testing-with-Jest\stringLength.js">
      <metrics statements="1" coveredstatements="0" conditionals="0" coveredconditionals="0" methods="1" coveredmethods="0"/>
      <line num="3" count="0" type="stmt"/>
    </file>
  </project>
</coverage>
