TN:
SF:calculator.js
FN:2,(anonymous_0)
FN:6,(anonymous_1)
FN:10,(anonymous_2)
FN:17,(anonymous_3)
FNF:4
FNH:4
FNDA:3,(anonymous_0)
FNDA:3,(anonymous_1)
FNDA:3,(anonymous_2)
FNDA:3,(anonymous_3)
DA:3,3
DA:7,3
DA:11,3
DA:12,1
DA:14,2
DA:18,3
DA:22,1
LF:7
LH:7
BRDA:11,0,0,1
BRDA:11,0,1,2
BRF:2
BRH:2
end_of_record
TN:
SF:capitalize.js
FN:1,capitalize
FNF:1
FNH:1
FNDA:1,capitalize
DA:2,1
DA:5,1
LF:2
LH:2
BRF:0
BRH:0
end_of_record
TN:
SF:reverseString.js
FN:1,reverseString
FNF:1
FNH:0
FNDA:0,reverseString
DA:2,0
LF:1
LH:0
BRF:0
BRH:0
end_of_record
TN:
SF:stringLength.js
FN:2,stringLength
FNF:1
FNH:0
FNDA:0,stringLength
DA:3,0
LF:1
LH:0
BRF:0
BRH:0
end_of_record
